<?xml version="1.0" encoding="UTF-8"?>
<coverage generated="1669348317587" clover="3.2.0">
  <project timestamp="1669348317588" name="All files">
    <metrics statements="188" coveredstatements="178" conditionals="49" coveredconditionals="37" methods="60" coveredmethods="52" elements="297" coveredelements="267" complexity="0" loc="188" ncloc="188" packages="12" files="18" classes="18"/>
    <package name="config">
      <metrics statements="1" coveredstatements="1" conditionals="0" coveredconditionals="0" methods="0" coveredmethods="0"/>
      <file name="auth.ts" path="E:\dev\ignite\node\chapter4\ignite-challenge-4.1\src\config\auth.ts">
        <metrics statements="1" coveredstatements="1" conditionals="0" coveredconditionals="0" methods="0" coveredmethods="0"/>
        <line num="1" count="1" type="stmt"/>
      </file>
    </package>
    <package name="modules.statements.entities">
      <metrics statements="19" coveredstatements="18" conditionals="3" coveredconditionals="3" methods="5" coveredmethods="3"/>
      <file name="Statement.ts" path="E:\dev\ignite\node\chapter4\ignite-challenge-4.1\src\modules\statements\entities\Statement.ts">
        <metrics statements="19" coveredstatements="18" conditionals="3" coveredconditionals="3" methods="5" coveredmethods="3"/>
        <line num="1" count="7" type="stmt"/>
        <line num="9" count="7" type="stmt"/>
        <line num="11" count="7" type="stmt"/>
        <line num="13" count="7" type="cond" truecount="2" falsecount="0"/>
        <line num="14" count="7" type="stmt"/>
        <line num="15" count="7" type="stmt"/>
        <line num="19" count="7" type="stmt"/>
        <line num="21" count="7" type="stmt"/>
        <line num="24" count="7" type="stmt"/>
        <line num="26" count="0" type="stmt"/>
        <line num="28" count="7" type="stmt"/>
        <line num="31" count="7" type="stmt"/>
        <line num="34" count="7" type="stmt"/>
        <line num="37" count="7" type="stmt"/>
        <line num="40" count="7" type="stmt"/>
        <line num="43" count="7" type="stmt"/>
        <line num="46" count="9" type="cond" truecount="1" falsecount="0"/>
        <line num="47" count="9" type="stmt"/>
        <line num="50" count="7" type="stmt"/>
      </file>
    </package>
    <package name="modules.statements.repositories.in-memory">
      <metrics statements="20" coveredstatements="20" conditionals="7" coveredconditionals="7" methods="7" coveredmethods="7"/>
      <file name="InMemoryStatementsRepository.ts" path="E:\dev\ignite\node\chapter4\ignite-challenge-4.1\src\modules\statements\repositories\in-memory\InMemoryStatementsRepository.ts">
        <metrics statements="20" coveredstatements="20" conditionals="7" coveredconditionals="7" methods="7" coveredmethods="7"/>
        <line num="1" count="4" type="stmt"/>
        <line num="7" count="4" type="stmt"/>
        <line num="8" count="6" type="stmt"/>
        <line num="10" count="4" type="stmt"/>
        <line num="11" count="9" type="stmt"/>
        <line num="13" count="9" type="stmt"/>
        <line num="15" count="9" type="stmt"/>
        <line num="17" count="9" type="stmt"/>
        <line num="20" count="4" type="stmt"/>
        <line num="21" count="2" type="stmt"/>
        <line num="27" count="4" type="cond" truecount="2" falsecount="0"/>
        <line num="32" count="5" type="stmt"/>
        <line num="34" count="4" type="stmt"/>
        <line num="35" count="5" type="cond" truecount="2" falsecount="0"/>
        <line num="36" count="4" type="stmt"/>
        <line num="38" count="1" type="stmt"/>
        <line num="42" count="4" type="cond" truecount="1" falsecount="0"/>
        <line num="43" count="1" type="stmt"/>
        <line num="49" count="3" type="stmt"/>
        <line num="51" count="4" type="stmt"/>
      </file>
    </package>
    <package name="modules.statements.useCases.createStatement">
      <metrics statements="24" coveredstatements="22" conditionals="11" coveredconditionals="8" methods="8" coveredmethods="7"/>
      <file name="CreateStatementError.ts" path="E:\dev\ignite\node\chapter4\ignite-challenge-4.1\src\modules\statements\useCases\createStatement\CreateStatementError.ts">
        <metrics statements="8" coveredstatements="7" conditionals="6" coveredconditionals="4" methods="5" coveredmethods="4"/>
        <line num="1" count="4" type="stmt"/>
        <line num="3" count="4" type="cond" truecount="2" falsecount="0"/>
        <line num="4" count="4" type="stmt"/>
        <line num="6" count="4" type="cond" truecount="2" falsecount="0"/>
        <line num="8" count="4" type="stmt"/>
        <line num="10" count="4" type="stmt"/>
        <line num="12" count="0" type="cond" truecount="0" falsecount="2"/>
        <line num="14" count="4" type="stmt"/>
      </file>
      <file name="CreateStatementUseCase.ts" path="E:\dev\ignite\node\chapter4\ignite-challenge-4.1\src\modules\statements\useCases\createStatement\CreateStatementUseCase.ts">
        <metrics statements="16" coveredstatements="15" conditionals="5" coveredconditionals="4" methods="3" coveredmethods="3"/>
        <line num="1" count="4" type="stmt"/>
        <line num="5" count="4" type="stmt"/>
        <line num="9" count="4" type="stmt"/>
        <line num="12" count="6" type="stmt"/>
        <line num="15" count="6" type="stmt"/>
        <line num="18" count="11" type="stmt"/>
        <line num="19" count="11" type="cond" truecount="2" falsecount="0"/>
        <line num="21" count="11" type="cond" truecount="1" falsecount="0"/>
        <line num="22" count="2" type="stmt"/>
        <line num="25" count="15" type="cond" truecount="1" falsecount="0"/>
        <line num="26" count="3" type="stmt"/>
        <line num="28" count="3" type="cond" truecount="0" falsecount="1"/>
        <line num="29" count="0" type="stmt"/>
        <line num="33" count="9" type="stmt"/>
        <line num="40" count="9" type="stmt"/>
        <line num="42" count="4" type="stmt"/>
      </file>
    </package>
    <package name="modules.statements.useCases.getBalance">
      <metrics statements="16" coveredstatements="14" conditionals="4" coveredconditionals="1" methods="5" coveredmethods="4"/>
      <file name="GetBalanceError.ts" path="E:\dev\ignite\node\chapter4\ignite-challenge-4.1\src\modules\statements\useCases\getBalance\GetBalanceError.ts">
        <metrics statements="4" coveredstatements="3" conditionals="2" coveredconditionals="0" methods="2" coveredmethods="1"/>
        <line num="1" count="1" type="stmt"/>
        <line num="3" count="1" type="stmt"/>
        <line num="5" count="0" type="cond" truecount="0" falsecount="2"/>
        <line num="7" count="1" type="stmt"/>
      </file>
      <file name="GetBalanceUseCase.ts" path="E:\dev\ignite\node\chapter4\ignite-challenge-4.1\src\modules\statements\useCases\getBalance\GetBalanceUseCase.ts">
        <metrics statements="12" coveredstatements="11" conditionals="2" coveredconditionals="1" methods="3" coveredmethods="3"/>
        <line num="1" count="1" type="stmt"/>
        <line num="6" count="1" type="stmt"/>
        <line num="18" count="1" type="stmt"/>
        <line num="21" count="1" type="stmt"/>
        <line num="24" count="1" type="stmt"/>
        <line num="27" count="1" type="stmt"/>
        <line num="28" count="1" type="cond" truecount="1" falsecount="0"/>
        <line num="30" count="1" type="cond" truecount="0" falsecount="1"/>
        <line num="31" count="0" type="stmt"/>
        <line num="34" count="1" type="stmt"/>
        <line num="39" count="1" type="stmt"/>
        <line num="41" count="1" type="stmt"/>
      </file>
    </package>
    <package name="modules.statements.useCases.getStatementOperation">
      <metrics statements="22" coveredstatements="18" conditionals="9" coveredconditionals="3" methods="8" coveredmethods="6"/>
      <file name="GetStatementOperationError.ts" path="E:\dev\ignite\node\chapter4\ignite-challenge-4.1\src\modules\statements\useCases\getStatementOperation\GetStatementOperationError.ts">
        <metrics statements="8" coveredstatements="6" conditionals="6" coveredconditionals="2" methods="5" coveredmethods="3"/>
        <line num="1" count="1" type="stmt"/>
        <line num="3" count="1" type="cond" truecount="2" falsecount="0"/>
        <line num="4" count="1" type="stmt"/>
        <line num="6" count="0" type="cond" truecount="0" falsecount="2"/>
        <line num="8" count="1" type="stmt"/>
        <line num="10" count="1" type="stmt"/>
        <line num="12" count="0" type="cond" truecount="0" falsecount="2"/>
        <line num="14" count="1" type="stmt"/>
      </file>
      <file name="GetStatementOperationUseCase.ts" path="E:\dev\ignite\node\chapter4\ignite-challenge-4.1\src\modules\statements\useCases\getStatementOperation\GetStatementOperationUseCase.ts">
        <metrics statements="14" coveredstatements="12" conditionals="3" coveredconditionals="1" methods="3" coveredmethods="3"/>
        <line num="1" count="1" type="stmt"/>
        <line num="5" count="1" type="stmt"/>
        <line num="13" count="1" type="stmt"/>
        <line num="16" count="1" type="stmt"/>
        <line num="19" count="1" type="stmt"/>
        <line num="22" count="1" type="stmt"/>
        <line num="23" count="1" type="cond" truecount="1" falsecount="0"/>
        <line num="25" count="1" type="cond" truecount="0" falsecount="1"/>
        <line num="26" count="0" type="stmt"/>
        <line num="29" count="1" type="stmt"/>
        <line num="32" count="1" type="cond" truecount="0" falsecount="1"/>
        <line num="33" count="0" type="stmt"/>
        <line num="36" count="1" type="stmt"/>
        <line num="38" count="1" type="stmt"/>
      </file>
    </package>
    <package name="modules.users.entities">
      <metrics statements="15" coveredstatements="14" conditionals="1" coveredconditionals="1" methods="4" coveredmethods="2"/>
      <file name="User.ts" path="E:\dev\ignite\node\chapter4\ignite-challenge-4.1\src\modules\users\entities\User.ts">
        <metrics statements="15" coveredstatements="14" conditionals="1" coveredconditionals="1" methods="4" coveredmethods="2"/>
        <line num="1" count="7" type="stmt"/>
        <line num="8" count="7" type="stmt"/>
        <line num="10" count="7" type="stmt"/>
        <line num="13" count="7" type="stmt"/>
        <line num="15" count="7" type="stmt"/>
        <line num="18" count="7" type="stmt"/>
        <line num="21" count="7" type="stmt"/>
        <line num="24" count="7" type="stmt"/>
        <line num="26" count="0" type="stmt"/>
        <line num="27" count="7" type="stmt"/>
        <line num="30" count="7" type="stmt"/>
        <line num="33" count="7" type="stmt"/>
        <line num="36" count="12" type="cond" truecount="1" falsecount="0"/>
        <line num="37" count="12" type="stmt"/>
        <line num="40" count="7" type="stmt"/>
      </file>
    </package>
    <package name="modules.users.repositories.in-memory">
      <metrics statements="13" coveredstatements="13" conditionals="0" coveredconditionals="0" methods="6" coveredmethods="6"/>
      <file name="InMemoryUsersRepository.ts" path="E:\dev\ignite\node\chapter4\ignite-challenge-4.1\src\modules\users\repositories\in-memory\InMemoryUsersRepository.ts">
        <metrics statements="13" coveredstatements="13" conditionals="0" coveredconditionals="0" methods="6" coveredmethods="6"/>
        <line num="1" count="7" type="stmt"/>
        <line num="6" count="7" type="stmt"/>
        <line num="7" count="13" type="stmt"/>
        <line num="9" count="7" type="stmt"/>
        <line num="10" count="16" type="stmt"/>
        <line num="13" count="7" type="stmt"/>
        <line num="14" count="15" type="stmt"/>
        <line num="17" count="7" type="stmt"/>
        <line num="18" count="12" type="stmt"/>
        <line num="19" count="12" type="stmt"/>
        <line num="20" count="12" type="stmt"/>
        <line num="21" count="12" type="stmt"/>
        <line num="23" count="7" type="stmt"/>
      </file>
    </package>
    <package name="modules.users.useCases.authenticateUser">
      <metrics statements="22" coveredstatements="22" conditionals="5" coveredconditionals="5" methods="5" coveredmethods="5"/>
      <file name="AuthenticateUserUseCase.ts" path="E:\dev\ignite\node\chapter4\ignite-challenge-4.1\src\modules\users\useCases\authenticateUser\AuthenticateUserUseCase.ts">
        <metrics statements="18" coveredstatements="18" conditionals="3" coveredconditionals="3" methods="3" coveredmethods="3"/>
        <line num="1" count="1" type="stmt"/>
        <line num="2" count="1" type="stmt"/>
        <line num="3" count="1" type="stmt"/>
        <line num="5" count="1" type="stmt"/>
        <line num="9" count="1" type="stmt"/>
        <line num="17" count="1" type="stmt"/>
        <line num="20" count="3" type="stmt"/>
        <line num="23" count="3" type="stmt"/>
        <line num="24" count="3" type="cond" truecount="1" falsecount="0"/>
        <line num="26" count="3" type="cond" truecount="1" falsecount="0"/>
        <line num="27" count="1" type="stmt"/>
        <line num="30" count="2" type="stmt"/>
        <line num="32" count="2" type="cond" truecount="1" falsecount="0"/>
        <line num="33" count="1" type="stmt"/>
        <line num="36" count="1" type="stmt"/>
        <line num="38" count="1" type="stmt"/>
        <line num="43" count="1" type="stmt"/>
        <line num="52" count="1" type="stmt"/>
      </file>
      <file name="IncorrectEmailOrPasswordError.ts" path="E:\dev\ignite\node\chapter4\ignite-challenge-4.1\src\modules\users\useCases\authenticateUser\IncorrectEmailOrPasswordError.ts">
        <metrics statements="4" coveredstatements="4" conditionals="2" coveredconditionals="2" methods="2" coveredmethods="2"/>
        <line num="1" count="1" type="stmt"/>
        <line num="3" count="1" type="stmt"/>
        <line num="5" count="4" type="cond" truecount="2" falsecount="0"/>
        <line num="7" count="1" type="stmt"/>
      </file>
    </package>
    <package name="modules.users.useCases.createUser">
      <metrics statements="17" coveredstatements="17" conditionals="4" coveredconditionals="4" methods="5" coveredmethods="5"/>
      <file name="CreateUserError.ts" path="E:\dev\ignite\node\chapter4\ignite-challenge-4.1\src\modules\users\useCases\createUser\CreateUserError.ts">
        <metrics statements="4" coveredstatements="4" conditionals="2" coveredconditionals="2" methods="2" coveredmethods="2"/>
        <line num="1" count="7" type="stmt"/>
        <line num="3" count="7" type="stmt"/>
        <line num="5" count="2" type="cond" truecount="2" falsecount="0"/>
        <line num="7" count="7" type="stmt"/>
      </file>
      <file name="CreateUserUseCase.ts" path="E:\dev\ignite\node\chapter4\ignite-challenge-4.1\src\modules\users\useCases\createUser\CreateUserUseCase.ts">
        <metrics statements="13" coveredstatements="13" conditionals="2" coveredconditionals="2" methods="3" coveredmethods="3"/>
        <line num="1" count="7" type="stmt"/>
        <line num="2" count="7" type="stmt"/>
        <line num="4" count="7" type="stmt"/>
        <line num="10" count="7" type="stmt"/>
        <line num="13" count="13" type="stmt"/>
        <line num="16" count="13" type="stmt"/>
        <line num="17" count="13" type="cond" truecount="1" falsecount="0"/>
        <line num="19" count="13" type="cond" truecount="1" falsecount="0"/>
        <line num="20" count="1" type="stmt"/>
        <line num="23" count="12" type="stmt"/>
        <line num="25" count="12" type="stmt"/>
        <line num="31" count="12" type="stmt"/>
        <line num="33" count="7" type="stmt"/>
      </file>
    </package>
    <package name="modules.users.useCases.showUserProfile">
      <metrics statements="14" coveredstatements="14" conditionals="4" coveredconditionals="4" methods="5" coveredmethods="5"/>
      <file name="ShowUserProfileError.ts" path="E:\dev\ignite\node\chapter4\ignite-challenge-4.1\src\modules\users\useCases\showUserProfile\ShowUserProfileError.ts">
        <metrics statements="4" coveredstatements="4" conditionals="2" coveredconditionals="2" methods="2" coveredmethods="2"/>
        <line num="1" count="1" type="stmt"/>
        <line num="3" count="1" type="stmt"/>
        <line num="5" count="2" type="cond" truecount="2" falsecount="0"/>
        <line num="7" count="1" type="stmt"/>
      </file>
      <file name="ShowUserProfileUseCase.ts" path="E:\dev\ignite\node\chapter4\ignite-challenge-4.1\src\modules\users\useCases\showUserProfile\ShowUserProfileUseCase.ts">
        <metrics statements="10" coveredstatements="10" conditionals="2" coveredconditionals="2" methods="3" coveredmethods="3"/>
        <line num="1" count="1" type="stmt"/>
        <line num="4" count="1" type="stmt"/>
        <line num="7" count="1" type="stmt"/>
        <line num="10" count="2" type="stmt"/>
        <line num="13" count="1" type="stmt"/>
        <line num="14" count="2" type="cond" truecount="1" falsecount="0"/>
        <line num="16" count="2" type="cond" truecount="1" falsecount="0"/>
        <line num="17" count="1" type="stmt"/>
        <line num="20" count="1" type="stmt"/>
        <line num="22" count="1" type="stmt"/>
      </file>
    </package>
    <package name="shared.errors">
      <metrics statements="5" coveredstatements="5" conditionals="1" coveredconditionals="1" methods="2" coveredmethods="2"/>
      <file name="AppError.ts" path="E:\dev\ignite\node\chapter4\ignite-challenge-4.1\src\shared\errors\AppError.ts">
        <metrics statements="5" coveredstatements="5" conditionals="1" coveredconditionals="1" methods="2" coveredmethods="2"/>
        <line num="1" count="7" type="stmt"/>
        <line num="6" count="14" type="cond" truecount="1" falsecount="0"/>
        <line num="7" count="12" type="stmt"/>
        <line num="8" count="12" type="stmt"/>
        <line num="10" count="7" type="stmt"/>
      </file>
    </package>
  </project>
</coverage>
