{"E:\\dev\\ignite\\node\\chapter4\\ignite-challenge-4.1\\src\\config\\auth.ts": {"path":"E:\\dev\\ignite\\node\\chapter4\\ignite-challenge-4.1\\src\\config\\auth.ts","statementMap":{"0":{"start":{"line":1,"column":0},"end":{"line":6,"column":null}}},"fnMap":{},"branchMap":{},"s":{"0":1},"f":{},"b":{}}
,"E:\\dev\\ignite\\node\\chapter4\\ignite-challenge-4.1\\src\\modules\\statements\\entities\\Statement.ts": {"path":"E:\\dev\\ignite\\node\\chapter4\\ignite-challenge-4.1\\src\\modules\\statements\\entities\\Statement.ts","statementMap":{"0":{"start":{"line":1,"column":0},"end":{"line":1,"column":null}},"1":{"start":{"line":9,"column":0},"end":{"line":9,"column":34}},"2":{"start":{"line":11,"column":0},"end":{"line":11,"column":49}},"3":{"start":{"line":13,"column":0},"end":{"line":13,"column":null}},"4":{"start":{"line":14,"column":2},"end":{"line":14,"column":null}},"5":{"start":{"line":15,"column":2},"end":{"line":15,"column":null}},"6":{"start":{"line":19,"column":0},"end":{"line":19,"column":13}},"7":{"start":{"line":46,"column":4},"end":{"line":48,"column":null}},"8":{"start":{"line":47,"column":6},"end":{"line":47,"column":23}},"9":{"start":{"line":21,"column":2},"end":{"line":21,"column":null}},"10":{"start":{"line":24,"column":2},"end":{"line":24,"column":null}},"11":{"start":{"line":28,"column":2},"end":{"line":28,"column":null}},"12":{"start":{"line":26,"column":19},"end":{"line":26,"column":25}},"13":{"start":{"line":26,"column":33},"end":{"line":26,"column":48}},"14":{"start":{"line":31,"column":2},"end":{"line":31,"column":null}},"15":{"start":{"line":34,"column":2},"end":{"line":34,"column":null}},"16":{"start":{"line":37,"column":2},"end":{"line":37,"column":null}},"17":{"start":{"line":40,"column":2},"end":{"line":40,"column":null}},"18":{"start":{"line":43,"column":2},"end":{"line":43,"column":null}},"19":{"start":{"line":19,"column":13},"end":{"line":50,"column":null}},"20":{"start":{"line":50,"column":0},"end":{"line":50,"column":null}},"21":{"start":{"line":19,"column":13},"end":{"line":19,"column":22}}},"fnMap":{"0":{"name":"(anonymous_2)","decl":{"start":{"line":13,"column":0},"end":{"line":13,"column":5}},"loc":{"start":{"line":13,"column":18},"end":{"line":16,"column":1}}},"1":{"name":"(anonymous_3)","decl":{"start":{"line":19,"column":0},"end":{"line":19,"column":13}},"loc":{"start":{"line":19,"column":0},"end":{"line":19,"column":13}}},"2":{"name":"Statement","decl":{"start":{"line":45,"column":2},"end":{"line":45,"column":null}},"loc":{"start":{"line":45,"column":2},"end":{"line":49,"column":3}}},"3":{"name":"(anonymous_5)","decl":{"start":{"line":26,"column":13},"end":{"line":26,"column":19}},"loc":{"start":{"line":26,"column":13},"end":{"line":26,"column":23}}},"4":{"name":"(anonymous_6)","decl":{"start":{"line":26,"column":25},"end":{"line":26,"column":29}},"loc":{"start":{"line":26,"column":29},"end":{"line":26,"column":37}}}},"branchMap":{"0":{"loc":{"start":{"line":13,"column":5},"end":{"line":13,"column":null}},"type":"binary-expr","locations":[{"start":{"line":13,"column":5},"end":{"line":13,"column":18}},{"start":{"line":13,"column":5},"end":{"line":13,"column":null}}]},"1":{"loc":{"start":{"line":46,"column":4},"end":{"line":48,"column":null}},"type":"if","locations":[{"start":{"line":46,"column":4},"end":{"line":48,"column":null}}]}},"s":{"0":7,"1":7,"2":7,"3":7,"4":7,"5":7,"6":7,"7":9,"8":9,"9":7,"10":7,"11":7,"12":0,"13":0,"14":7,"15":7,"16":7,"17":7,"18":7,"19":7,"20":7,"21":7},"f":{"0":7,"1":7,"2":9,"3":0,"4":0},"b":{"0":[7,7],"1":[9]}}
,"E:\\dev\\ignite\\node\\chapter4\\ignite-challenge-4.1\\src\\modules\\statements\\repositories\\in-memory\\InMemoryStatementsRepository.ts": {"path":"E:\\dev\\ignite\\node\\chapter4\\ignite-challenge-4.1\\src\\modules\\statements\\repositories\\in-memory\\InMemoryStatementsRepository.ts","statementMap":{"0":{"start":{"line":1,"column":0},"end":{"line":1,"column":53}},"1":{"start":{"line":7,"column":0},"end":{"line":7,"column":13}},"2":{"start":{"line":8,"column":10},"end":{"line":8,"column":39}},"3":{"start":{"line":10,"column":8},"end":{"line":18,"column":null}},"4":{"start":{"line":11,"column":10},"end":{"line":11,"column":38}},"5":{"start":{"line":13,"column":4},"end":{"line":13,"column":35}},"6":{"start":{"line":15,"column":4},"end":{"line":15,"column":36}},"7":{"start":{"line":17,"column":4},"end":{"line":17,"column":21}},"8":{"start":{"line":20,"column":8},"end":{"line":25,"column":null}},"9":{"start":{"line":20,"column":45},"end":{"line":20,"column":47}},"10":{"start":{"line":20,"column":54},"end":{"line":20,"column":83}},"11":{"start":{"line":21,"column":4},"end":{"line":24,"column":7}},"12":{"start":{"line":21,"column":45},"end":{"line":24,"column":6}},"13":{"start":{"line":27,"column":8},"end":{"line":50,"column":null}},"14":{"start":{"line":27,"column":32},"end":{"line":27,"column":34}},"15":{"start":{"line":27,"column":34},"end":{"line":27,"column":48}},"16":{"start":{"line":27,"column":48},"end":{"line":27,"column":74}},"17":{"start":{"line":32,"column":10},"end":{"line":32,"column":89}},"18":{"start":{"line":32,"column":58},"end":{"line":32,"column":88}},"19":{"start":{"line":34,"column":10},"end":{"line":40,"column":null}},"20":{"start":{"line":35,"column":6},"end":{"line":39,"column":null}},"21":{"start":{"line":36,"column":8},"end":{"line":36,"column":38}},"22":{"start":{"line":38,"column":8},"end":{"line":38,"column":38}},"23":{"start":{"line":42,"column":4},"end":{"line":47,"column":null}},"24":{"start":{"line":43,"column":6},"end":{"line":46,"column":null}},"25":{"start":{"line":49,"column":4},"end":{"line":49,"column":null}},"26":{"start":{"line":51,"column":0},"end":{"line":51,"column":null}},"27":{"start":{"line":7,"column":13},"end":{"line":7,"column":41}}},"fnMap":{"0":{"name":"(anonymous_13)","decl":{"start":{"line":7,"column":0},"end":{"line":7,"column":13}},"loc":{"start":{"line":7,"column":0},"end":{"line":51,"column":null}}},"1":{"name":"(anonymous_15)","decl":{"start":{"line":10,"column":2},"end":{"line":10,"column":8}},"loc":{"start":{"line":10,"column":40},"end":{"line":18,"column":null}}},"2":{"name":"(anonymous_18)","decl":{"start":{"line":20,"column":2},"end":{"line":20,"column":8}},"loc":{"start":{"line":20,"column":83},"end":{"line":25,"column":null}}},"3":{"name":"(anonymous_21)","decl":{"start":{"line":21,"column":32},"end":{"line":21,"column":41}},"loc":{"start":{"line":21,"column":41},"end":{"line":21,"column":null}}},"4":{"name":"(anonymous_22)","decl":{"start":{"line":27,"column":2},"end":{"line":27,"column":8}},"loc":{"start":{"line":27,"column":74},"end":{"line":50,"column":null}}},"5":{"name":"(anonymous_25)","decl":{"start":{"line":32,"column":45},"end":{"line":32,"column":54}},"loc":{"start":{"line":32,"column":54},"end":{"line":32,"column":67}}},"6":{"name":"(anonymous_26)","decl":{"start":{"line":34,"column":37},"end":{"line":34,"column":38}},"loc":{"start":{"line":34,"column":52},"end":{"line":40,"column":5}}}},"branchMap":{"0":{"loc":{"start":{"line":22,"column":6},"end":{"line":23,"column":35}},"type":"binary-expr","locations":[{"start":{"line":22,"column":6},"end":{"line":22,"column":35}},{"start":{"line":23,"column":6},"end":{"line":23,"column":35}}]},"1":{"loc":{"start":{"line":27,"column":48},"end":{"line":27,"column":74}},"type":"cond-expr","locations":[{"start":{"line":27,"column":51},"end":{"line":27,"column":56}},{"start":{"line":27,"column":56},"end":{"line":27,"column":74}}]},"2":{"loc":{"start":{"line":35,"column":6},"end":{"line":39,"column":null}},"type":"if","locations":[{"start":{"line":35,"column":6},"end":{"line":39,"column":null}},{"start":{"line":37,"column":13},"end":{"line":39,"column":null}}]},"3":{"loc":{"start":{"line":42,"column":4},"end":{"line":47,"column":null}},"type":"if","locations":[{"start":{"line":42,"column":4},"end":{"line":47,"column":null}}]}},"s":{"0":4,"1":4,"2":6,"3":4,"4":9,"5":9,"6":9,"7":9,"8":4,"9":1,"10":1,"11":1,"12":2,"13":4,"14":4,"15":4,"16":4,"17":4,"18":5,"19":4,"20":5,"21":4,"22":1,"23":4,"24":1,"25":3,"26":4,"27":4},"f":{"0":10,"1":9,"2":1,"3":2,"4":4,"5":5,"6":5},"b":{"0":[2,1],"1":[3,1],"2":[4,1],"3":[1]}}
,"E:\\dev\\ignite\\node\\chapter4\\ignite-challenge-4.1\\src\\modules\\statements\\useCases\\createStatement\\CreateStatementError.ts": {"path":"E:\\dev\\ignite\\node\\chapter4\\ignite-challenge-4.1\\src\\modules\\statements\\useCases\\createStatement\\CreateStatementError.ts","statementMap":{"0":{"start":{"line":1,"column":0},"end":{"line":1,"column":62}},"1":{"start":{"line":3,"column":0},"end":{"line":3,"column":null}},"2":{"start":{"line":4,"column":2},"end":{"line":4,"column":null}},"3":{"start":{"line":4,"column":36},"end":{"line":4,"column":44}},"4":{"start":{"line":6,"column":6},"end":{"line":6,"column":null}},"5":{"start":{"line":8,"column":2},"end":{"line":8,"column":null}},"6":{"start":{"line":4,"column":15},"end":{"line":8,"column":null}},"7":{"start":{"line":10,"column":2},"end":{"line":10,"column":null}},"8":{"start":{"line":10,"column":41},"end":{"line":10,"column":49}},"9":{"start":{"line":12,"column":6},"end":{"line":12,"column":null}},"10":{"start":{"line":14,"column":2},"end":{"line":14,"column":null}},"11":{"start":{"line":10,"column":15},"end":{"line":14,"column":null}}},"fnMap":{"0":{"name":"(anonymous_6)","decl":{"start":{"line":3,"column":0},"end":{"line":3,"column":17}},"loc":{"start":{"line":3,"column":37},"end":{"line":15,"column":1}}},"1":{"name":"(anonymous_7)","decl":{"start":{"line":4,"column":2},"end":{"line":4,"column":15}},"loc":{"start":{"line":4,"column":2},"end":{"line":8,"column":null}}},"2":{"name":"UserNotFound","decl":{"start":{"line":5,"column":4},"end":{"line":5,"column":null}},"loc":{"start":{"line":5,"column":4},"end":{"line":7,"column":5}}},"3":{"name":"(anonymous_9)","decl":{"start":{"line":10,"column":2},"end":{"line":10,"column":15}},"loc":{"start":{"line":10,"column":2},"end":{"line":14,"column":null}}},"4":{"name":"InsufficientFunds","decl":{"start":{"line":11,"column":4},"end":{"line":11,"column":null}},"loc":{"start":{"line":11,"column":4},"end":{"line":13,"column":5}}}},"branchMap":{"0":{"loc":{"start":{"line":6,"column":6},"end":{"line":6,"column":null}},"type":"binary-expr","locations":[{"start":{"line":6,"column":6},"end":{"line":6,"column":34}},{"start":{"line":6,"column":34},"end":{"line":6,"column":null}}]},"1":{"loc":{"start":{"line":12,"column":6},"end":{"line":12,"column":null}},"type":"binary-expr","locations":[{"start":{"line":12,"column":6},"end":{"line":12,"column":38}},{"start":{"line":12,"column":38},"end":{"line":12,"column":null}}]},"2":{"loc":{"start":{"line":3,"column":17},"end":{"line":3,"column":null}},"type":"binary-expr","locations":[{"start":{"line":3,"column":17},"end":{"line":3,"column":37}},{"start":{"line":3,"column":17},"end":{"line":3,"column":null}}]}},"s":{"0":4,"1":4,"2":4,"3":4,"4":4,"5":4,"6":4,"7":4,"8":4,"9":0,"10":4,"11":4},"f":{"0":4,"1":4,"2":4,"3":4,"4":0},"b":{"0":[4,4],"1":[0,0],"2":[4,4]}}
,"E:\\dev\\ignite\\node\\chapter4\\ignite-challenge-4.1\\src\\modules\\statements\\useCases\\createStatement\\CreateStatementUseCase.ts": {"path":"E:\\dev\\ignite\\node\\chapter4\\ignite-challenge-4.1\\src\\modules\\statements\\useCases\\createStatement\\CreateStatementUseCase.ts","statementMap":{"0":{"start":{"line":1,"column":0},"end":{"line":1,"column":46}},"1":{"start":{"line":5,"column":0},"end":{"line":5,"column":62}},"2":{"start":{"line":9,"column":0},"end":{"line":9,"column":13}},"3":{"start":{"line":12,"column":12},"end":{"line":12,"column":45}},"4":{"start":{"line":15,"column":12},"end":{"line":15,"column":55}},"5":{"start":{"line":18,"column":8},"end":{"line":41,"column":null}},"6":{"start":{"line":18,"column":25},"end":{"line":18,"column":27}},"7":{"start":{"line":18,"column":31},"end":{"line":18,"column":33}},"8":{"start":{"line":18,"column":39},"end":{"line":18,"column":41}},"9":{"start":{"line":18,"column":52},"end":{"line":18,"column":75}},"10":{"start":{"line":19,"column":17},"end":{"line":19,"column":null}},"11":{"start":{"line":19,"column":10},"end":{"line":19,"column":null}},"12":{"start":{"line":21,"column":4},"end":{"line":23,"column":null}},"13":{"start":{"line":22,"column":6},"end":{"line":22,"column":52}},"14":{"start":{"line":25,"column":8},"end":{"line":25,"column":12}},"15":{"start":{"line":26,"column":26},"end":{"line":26,"column":null}},"16":{"start":{"line":26,"column":14},"end":{"line":26,"column":26}},"17":{"start":{"line":28,"column":6},"end":{"line":30,"column":null}},"18":{"start":{"line":29,"column":8},"end":{"line":29,"column":null}},"19":{"start":{"line":33,"column":31},"end":{"line":38,"column":null}},"20":{"start":{"line":33,"column":10},"end":{"line":38,"column":null}},"21":{"start":{"line":40,"column":4},"end":{"line":40,"column":30}},"22":{"start":{"line":9,"column":13},"end":{"line":42,"column":null}},"23":{"start":{"line":42,"column":0},"end":{"line":42,"column":null}},"24":{"start":{"line":9,"column":13},"end":{"line":9,"column":35}}},"fnMap":{"0":{"name":"(anonymous_17)","decl":{"start":{"line":9,"column":0},"end":{"line":9,"column":13}},"loc":{"start":{"line":9,"column":0},"end":{"line":9,"column":13}}},"1":{"name":"CreateStatementUseCase","decl":{"start":{"line":10,"column":2},"end":{"line":10,"column":null}},"loc":{"start":{"line":15,"column":55},"end":{"line":16,"column":7}}},"2":{"name":"(anonymous_19)","decl":{"start":{"line":18,"column":2},"end":{"line":18,"column":8}},"loc":{"start":{"line":18,"column":75},"end":{"line":41,"column":null}}}},"branchMap":{"0":{"loc":{"start":{"line":19,"column":17},"end":{"line":19,"column":null}},"type":"switch","locations":[{"start":{"line":19,"column":17},"end":{"line":19,"column":null}},{"start":{"line":33,"column":31},"end":{"line":38,"column":null}}]},"1":{"loc":{"start":{"line":21,"column":4},"end":{"line":23,"column":null}},"type":"if","locations":[{"start":{"line":21,"column":4},"end":{"line":23,"column":null}}]},"2":{"loc":{"start":{"line":25,"column":8},"end":{"line":25,"column":12}},"type":"if","locations":[{"start":{"line":25,"column":8},"end":{"line":25,"column":12}}]},"3":{"loc":{"start":{"line":28,"column":6},"end":{"line":30,"column":null}},"type":"if","locations":[{"start":{"line":28,"column":6},"end":{"line":30,"column":null}}]}},"s":{"0":4,"1":4,"2":4,"3":6,"4":6,"5":4,"6":11,"7":11,"8":11,"9":11,"10":11,"11":11,"12":11,"13":2,"14":15,"15":3,"16":3,"17":3,"18":0,"19":9,"20":9,"21":9,"22":4,"23":4,"24":4},"f":{"0":4,"1":6,"2":11},"b":{"0":[11,9],"1":[2],"2":[6],"3":[0]}}
,"E:\\dev\\ignite\\node\\chapter4\\ignite-challenge-4.1\\src\\modules\\statements\\useCases\\getBalance\\GetBalanceError.ts": {"path":"E:\\dev\\ignite\\node\\chapter4\\ignite-challenge-4.1\\src\\modules\\statements\\useCases\\getBalance\\GetBalanceError.ts","statementMap":{"0":{"start":{"line":1,"column":0},"end":{"line":1,"column":62}},"1":{"start":{"line":3,"column":0},"end":{"line":3,"column":null}},"2":{"start":{"line":3,"column":37},"end":{"line":3,"column":45}},"3":{"start":{"line":5,"column":4},"end":{"line":5,"column":null}},"4":{"start":{"line":7,"column":0},"end":{"line":7,"column":null}},"5":{"start":{"line":3,"column":13},"end":{"line":3,"column":28}}},"fnMap":{"0":{"name":"(anonymous_6)","decl":{"start":{"line":3,"column":0},"end":{"line":3,"column":13}},"loc":{"start":{"line":3,"column":0},"end":{"line":7,"column":null}}},"1":{"name":"GetBalanceError","decl":{"start":{"line":4,"column":2},"end":{"line":4,"column":null}},"loc":{"start":{"line":4,"column":2},"end":{"line":6,"column":3}}}},"branchMap":{"0":{"loc":{"start":{"line":5,"column":4},"end":{"line":5,"column":null}},"type":"binary-expr","locations":[{"start":{"line":5,"column":4},"end":{"line":5,"column":32}},{"start":{"line":5,"column":32},"end":{"line":5,"column":null}}]}},"s":{"0":1,"1":1,"2":1,"3":0,"4":1,"5":1},"f":{"0":1,"1":0},"b":{"0":[0,0]}}
,"E:\\dev\\ignite\\node\\chapter4\\ignite-challenge-4.1\\src\\modules\\statements\\useCases\\getBalance\\GetBalanceUseCase.ts": {"path":"E:\\dev\\ignite\\node\\chapter4\\ignite-challenge-4.1\\src\\modules\\statements\\useCases\\getBalance\\GetBalanceUseCase.ts","statementMap":{"0":{"start":{"line":1,"column":0},"end":{"line":1,"column":46}},"1":{"start":{"line":6,"column":0},"end":{"line":6,"column":52}},"2":{"start":{"line":18,"column":0},"end":{"line":18,"column":13}},"3":{"start":{"line":21,"column":12},"end":{"line":21,"column":55}},"4":{"start":{"line":24,"column":12},"end":{"line":24,"column":45}},"5":{"start":{"line":27,"column":8},"end":{"line":40,"column":null}},"6":{"start":{"line":27,"column":25},"end":{"line":27,"column":37}},"7":{"start":{"line":28,"column":17},"end":{"line":28,"column":null}},"8":{"start":{"line":28,"column":10},"end":{"line":28,"column":null}},"9":{"start":{"line":30,"column":4},"end":{"line":32,"column":null}},"10":{"start":{"line":31,"column":6},"end":{"line":31,"column":34}},"11":{"start":{"line":34,"column":20},"end":{"line":37,"column":null}},"12":{"start":{"line":34,"column":10},"end":{"line":37,"column":null}},"13":{"start":{"line":39,"column":4},"end":{"line":39,"column":32}},"14":{"start":{"line":18,"column":13},"end":{"line":41,"column":null}},"15":{"start":{"line":41,"column":0},"end":{"line":41,"column":null}},"16":{"start":{"line":18,"column":13},"end":{"line":18,"column":30}}},"fnMap":{"0":{"name":"(anonymous_17)","decl":{"start":{"line":18,"column":0},"end":{"line":18,"column":13}},"loc":{"start":{"line":18,"column":0},"end":{"line":18,"column":13}}},"1":{"name":"GetBalanceUseCase","decl":{"start":{"line":19,"column":2},"end":{"line":19,"column":null}},"loc":{"start":{"line":24,"column":45},"end":{"line":25,"column":6}}},"2":{"name":"(anonymous_19)","decl":{"start":{"line":27,"column":2},"end":{"line":27,"column":8}},"loc":{"start":{"line":27,"column":37},"end":{"line":40,"column":null}}}},"branchMap":{"0":{"loc":{"start":{"line":28,"column":17},"end":{"line":28,"column":null}},"type":"switch","locations":[{"start":{"line":28,"column":17},"end":{"line":28,"column":null}}]},"1":{"loc":{"start":{"line":30,"column":4},"end":{"line":32,"column":null}},"type":"if","locations":[{"start":{"line":30,"column":4},"end":{"line":32,"column":null}}]}},"s":{"0":1,"1":1,"2":1,"3":1,"4":1,"5":1,"6":1,"7":1,"8":1,"9":1,"10":0,"11":1,"12":1,"13":1,"14":1,"15":1,"16":1},"f":{"0":1,"1":1,"2":1},"b":{"0":[1],"1":[0]}}
,"E:\\dev\\ignite\\node\\chapter4\\ignite-challenge-4.1\\src\\modules\\statements\\useCases\\getStatementOperation\\GetStatementOperationError.ts": {"path":"E:\\dev\\ignite\\node\\chapter4\\ignite-challenge-4.1\\src\\modules\\statements\\useCases\\getStatementOperation\\GetStatementOperationError.ts","statementMap":{"0":{"start":{"line":1,"column":0},"end":{"line":1,"column":62}},"1":{"start":{"line":3,"column":0},"end":{"line":3,"column":null}},"2":{"start":{"line":4,"column":2},"end":{"line":4,"column":null}},"3":{"start":{"line":4,"column":36},"end":{"line":4,"column":44}},"4":{"start":{"line":6,"column":6},"end":{"line":6,"column":null}},"5":{"start":{"line":8,"column":2},"end":{"line":8,"column":null}},"6":{"start":{"line":4,"column":15},"end":{"line":8,"column":null}},"7":{"start":{"line":10,"column":2},"end":{"line":10,"column":null}},"8":{"start":{"line":10,"column":41},"end":{"line":10,"column":49}},"9":{"start":{"line":12,"column":6},"end":{"line":12,"column":null}},"10":{"start":{"line":14,"column":2},"end":{"line":14,"column":null}},"11":{"start":{"line":10,"column":15},"end":{"line":14,"column":null}}},"fnMap":{"0":{"name":"(anonymous_6)","decl":{"start":{"line":3,"column":0},"end":{"line":3,"column":17}},"loc":{"start":{"line":3,"column":43},"end":{"line":15,"column":1}}},"1":{"name":"(anonymous_7)","decl":{"start":{"line":4,"column":2},"end":{"line":4,"column":15}},"loc":{"start":{"line":4,"column":2},"end":{"line":8,"column":null}}},"2":{"name":"UserNotFound","decl":{"start":{"line":5,"column":4},"end":{"line":5,"column":null}},"loc":{"start":{"line":5,"column":4},"end":{"line":7,"column":5}}},"3":{"name":"(anonymous_9)","decl":{"start":{"line":10,"column":2},"end":{"line":10,"column":15}},"loc":{"start":{"line":10,"column":2},"end":{"line":14,"column":null}}},"4":{"name":"StatementNotFound","decl":{"start":{"line":11,"column":4},"end":{"line":11,"column":null}},"loc":{"start":{"line":11,"column":4},"end":{"line":13,"column":5}}}},"branchMap":{"0":{"loc":{"start":{"line":6,"column":6},"end":{"line":6,"column":null}},"type":"binary-expr","locations":[{"start":{"line":6,"column":6},"end":{"line":6,"column":34}},{"start":{"line":6,"column":34},"end":{"line":6,"column":null}}]},"1":{"loc":{"start":{"line":12,"column":6},"end":{"line":12,"column":null}},"type":"binary-expr","locations":[{"start":{"line":12,"column":6},"end":{"line":12,"column":39}},{"start":{"line":12,"column":39},"end":{"line":12,"column":null}}]},"2":{"loc":{"start":{"line":3,"column":17},"end":{"line":3,"column":null}},"type":"binary-expr","locations":[{"start":{"line":3,"column":17},"end":{"line":3,"column":43}},{"start":{"line":3,"column":17},"end":{"line":3,"column":null}}]}},"s":{"0":1,"1":1,"2":1,"3":1,"4":0,"5":1,"6":1,"7":1,"8":1,"9":0,"10":1,"11":1},"f":{"0":1,"1":1,"2":0,"3":1,"4":0},"b":{"0":[0,0],"1":[0,0],"2":[1,1]}}
,"E:\\dev\\ignite\\node\\chapter4\\ignite-challenge-4.1\\src\\modules\\statements\\useCases\\getStatementOperation\\GetStatementOperationUseCase.ts": {"path":"E:\\dev\\ignite\\node\\chapter4\\ignite-challenge-4.1\\src\\modules\\statements\\useCases\\getStatementOperation\\GetStatementOperationUseCase.ts","statementMap":{"0":{"start":{"line":1,"column":0},"end":{"line":1,"column":46}},"1":{"start":{"line":5,"column":0},"end":{"line":5,"column":74}},"2":{"start":{"line":13,"column":0},"end":{"line":13,"column":13}},"3":{"start":{"line":16,"column":12},"end":{"line":16,"column":45}},"4":{"start":{"line":19,"column":12},"end":{"line":19,"column":55}},"5":{"start":{"line":22,"column":8},"end":{"line":37,"column":null}},"6":{"start":{"line":22,"column":25},"end":{"line":22,"column":27}},"7":{"start":{"line":22,"column":39},"end":{"line":22,"column":51}},"8":{"start":{"line":23,"column":17},"end":{"line":23,"column":null}},"9":{"start":{"line":23,"column":10},"end":{"line":23,"column":null}},"10":{"start":{"line":25,"column":4},"end":{"line":27,"column":null}},"11":{"start":{"line":26,"column":6},"end":{"line":26,"column":58}},"12":{"start":{"line":29,"column":31},"end":{"line":30,"column":null}},"13":{"start":{"line":29,"column":10},"end":{"line":30,"column":null}},"14":{"start":{"line":32,"column":6},"end":{"line":34,"column":null}},"15":{"start":{"line":33,"column":8},"end":{"line":33,"column":65}},"16":{"start":{"line":36,"column":6},"end":{"line":36,"column":32}},"17":{"start":{"line":13,"column":13},"end":{"line":38,"column":null}},"18":{"start":{"line":38,"column":0},"end":{"line":38,"column":null}},"19":{"start":{"line":13,"column":13},"end":{"line":13,"column":41}}},"fnMap":{"0":{"name":"(anonymous_17)","decl":{"start":{"line":13,"column":0},"end":{"line":13,"column":13}},"loc":{"start":{"line":13,"column":0},"end":{"line":13,"column":13}}},"1":{"name":"GetStatementOperationUseCase","decl":{"start":{"line":14,"column":2},"end":{"line":14,"column":null}},"loc":{"start":{"line":19,"column":55},"end":{"line":20,"column":6}}},"2":{"name":"(anonymous_19)","decl":{"start":{"line":22,"column":2},"end":{"line":22,"column":8}},"loc":{"start":{"line":22,"column":51},"end":{"line":37,"column":null}}}},"branchMap":{"0":{"loc":{"start":{"line":23,"column":17},"end":{"line":23,"column":null}},"type":"switch","locations":[{"start":{"line":23,"column":17},"end":{"line":23,"column":null}}]},"1":{"loc":{"start":{"line":25,"column":4},"end":{"line":27,"column":null}},"type":"if","locations":[{"start":{"line":25,"column":4},"end":{"line":27,"column":null}}]},"2":{"loc":{"start":{"line":32,"column":6},"end":{"line":34,"column":null}},"type":"if","locations":[{"start":{"line":32,"column":6},"end":{"line":34,"column":null}}]}},"s":{"0":1,"1":1,"2":1,"3":1,"4":1,"5":1,"6":1,"7":1,"8":1,"9":1,"10":1,"11":0,"12":1,"13":1,"14":1,"15":0,"16":1,"17":1,"18":1,"19":1},"f":{"0":1,"1":1,"2":1},"b":{"0":[1],"1":[0],"2":[0]}}
,"E:\\dev\\ignite\\node\\chapter4\\ignite-challenge-4.1\\src\\modules\\users\\entities\\User.ts": {"path":"E:\\dev\\ignite\\node\\chapter4\\ignite-challenge-4.1\\src\\modules\\users\\entities\\User.ts","statementMap":{"0":{"start":{"line":1,"column":0},"end":{"line":1,"column":null}},"1":{"start":{"line":8,"column":0},"end":{"line":8,"column":34}},"2":{"start":{"line":10,"column":0},"end":{"line":10,"column":64}},"3":{"start":{"line":13,"column":0},"end":{"line":13,"column":13}},"4":{"start":{"line":36,"column":4},"end":{"line":38,"column":null}},"5":{"start":{"line":37,"column":6},"end":{"line":37,"column":23}},"6":{"start":{"line":15,"column":2},"end":{"line":15,"column":null}},"7":{"start":{"line":18,"column":2},"end":{"line":18,"column":null}},"8":{"start":{"line":21,"column":2},"end":{"line":21,"column":null}},"9":{"start":{"line":24,"column":2},"end":{"line":24,"column":null}},"10":{"start":{"line":27,"column":2},"end":{"line":27,"column":null}},"11":{"start":{"line":26,"column":19},"end":{"line":26,"column":30}},"12":{"start":{"line":26,"column":43},"end":{"line":26,"column":58}},"13":{"start":{"line":30,"column":2},"end":{"line":30,"column":null}},"14":{"start":{"line":33,"column":2},"end":{"line":33,"column":null}},"15":{"start":{"line":13,"column":13},"end":{"line":40,"column":null}},"16":{"start":{"line":40,"column":0},"end":{"line":40,"column":null}},"17":{"start":{"line":13,"column":13},"end":{"line":13,"column":17}}},"fnMap":{"0":{"name":"(anonymous_2)","decl":{"start":{"line":13,"column":0},"end":{"line":13,"column":13}},"loc":{"start":{"line":13,"column":0},"end":{"line":13,"column":13}}},"1":{"name":"User","decl":{"start":{"line":35,"column":2},"end":{"line":35,"column":null}},"loc":{"start":{"line":35,"column":2},"end":{"line":39,"column":3}}},"2":{"name":"(anonymous_4)","decl":{"start":{"line":26,"column":13},"end":{"line":26,"column":19}},"loc":{"start":{"line":26,"column":13},"end":{"line":26,"column":28}}},"3":{"name":"(anonymous_5)","decl":{"start":{"line":26,"column":30},"end":{"line":26,"column":39}},"loc":{"start":{"line":26,"column":39},"end":{"line":26,"column":52}}}},"branchMap":{"0":{"loc":{"start":{"line":36,"column":4},"end":{"line":38,"column":null}},"type":"if","locations":[{"start":{"line":36,"column":4},"end":{"line":38,"column":null}}]}},"s":{"0":7,"1":7,"2":7,"3":7,"4":12,"5":12,"6":7,"7":7,"8":7,"9":7,"10":7,"11":0,"12":0,"13":7,"14":7,"15":7,"16":7,"17":7},"f":{"0":7,"1":12,"2":0,"3":0},"b":{"0":[12]}}
,"E:\\dev\\ignite\\node\\chapter4\\ignite-challenge-4.1\\src\\modules\\users\\repositories\\in-memory\\InMemoryUsersRepository.ts": {"path":"E:\\dev\\ignite\\node\\chapter4\\ignite-challenge-4.1\\src\\modules\\users\\repositories\\in-memory\\InMemoryUsersRepository.ts","statementMap":{"0":{"start":{"line":1,"column":0},"end":{"line":1,"column":43}},"1":{"start":{"line":6,"column":0},"end":{"line":6,"column":13}},"2":{"start":{"line":7,"column":10},"end":{"line":7,"column":29}},"3":{"start":{"line":9,"column":8},"end":{"line":11,"column":null}},"4":{"start":{"line":10,"column":4},"end":{"line":10,"column":57}},"5":{"start":{"line":10,"column":35},"end":{"line":10,"column":56}},"6":{"start":{"line":13,"column":8},"end":{"line":15,"column":null}},"7":{"start":{"line":14,"column":4},"end":{"line":14,"column":56}},"8":{"start":{"line":14,"column":35},"end":{"line":14,"column":55}},"9":{"start":{"line":17,"column":8},"end":{"line":22,"column":null}},"10":{"start":{"line":18,"column":10},"end":{"line":18,"column":28}},"11":{"start":{"line":19,"column":4},"end":{"line":19,"column":30}},"12":{"start":{"line":20,"column":4},"end":{"line":20,"column":26}},"13":{"start":{"line":21,"column":4},"end":{"line":21,"column":16}},"14":{"start":{"line":23,"column":0},"end":{"line":23,"column":null}},"15":{"start":{"line":6,"column":13},"end":{"line":6,"column":36}}},"fnMap":{"0":{"name":"(anonymous_13)","decl":{"start":{"line":6,"column":0},"end":{"line":6,"column":13}},"loc":{"start":{"line":6,"column":0},"end":{"line":23,"column":null}}},"1":{"name":"(anonymous_15)","decl":{"start":{"line":9,"column":2},"end":{"line":9,"column":8}},"loc":{"start":{"line":9,"column":33},"end":{"line":11,"column":null}}},"2":{"name":"(anonymous_18)","decl":{"start":{"line":10,"column":27},"end":{"line":10,"column":31}},"loc":{"start":{"line":10,"column":31},"end":{"line":10,"column":39}}},"3":{"name":"(anonymous_19)","decl":{"start":{"line":13,"column":2},"end":{"line":13,"column":8}},"loc":{"start":{"line":13,"column":32},"end":{"line":15,"column":null}}},"4":{"name":"(anonymous_22)","decl":{"start":{"line":14,"column":27},"end":{"line":14,"column":31}},"loc":{"start":{"line":14,"column":31},"end":{"line":14,"column":39}}},"5":{"name":"(anonymous_23)","decl":{"start":{"line":17,"column":2},"end":{"line":17,"column":8}},"loc":{"start":{"line":17,"column":35},"end":{"line":22,"column":null}}}},"branchMap":{},"s":{"0":7,"1":7,"2":13,"3":7,"4":16,"5":4,"6":7,"7":15,"8":14,"9":7,"10":12,"11":12,"12":12,"13":12,"14":7,"15":7},"f":{"0":20,"1":16,"2":4,"3":15,"4":14,"5":12},"b":{}}
,"E:\\dev\\ignite\\node\\chapter4\\ignite-challenge-4.1\\src\\modules\\users\\useCases\\authenticateUser\\AuthenticateUserUseCase.ts": {"path":"E:\\dev\\ignite\\node\\chapter4\\ignite-challenge-4.1\\src\\modules\\users\\useCases\\authenticateUser\\AuthenticateUserUseCase.ts","statementMap":{"0":{"start":{"line":1,"column":0},"end":{"line":1,"column":46}},"1":{"start":{"line":2,"column":0},"end":{"line":2,"column":35}},"2":{"start":{"line":3,"column":0},"end":{"line":3,"column":36}},"3":{"start":{"line":5,"column":0},"end":{"line":5,"column":49}},"4":{"start":{"line":9,"column":0},"end":{"line":9,"column":80}},"5":{"start":{"line":17,"column":0},"end":{"line":17,"column":13}},"6":{"start":{"line":20,"column":12},"end":{"line":20,"column":45}},"7":{"start":{"line":23,"column":8},"end":{"line":51,"column":null}},"8":{"start":{"line":23,"column":23},"end":{"line":23,"column":25}},"9":{"start":{"line":23,"column":33},"end":{"line":23,"column":45}},"10":{"start":{"line":24,"column":17},"end":{"line":24,"column":null}},"11":{"start":{"line":24,"column":10},"end":{"line":24,"column":null}},"12":{"start":{"line":26,"column":4},"end":{"line":28,"column":null}},"13":{"start":{"line":27,"column":6},"end":{"line":27,"column":48}},"14":{"start":{"line":30,"column":26},"end":{"line":30,"column":null}},"15":{"start":{"line":30,"column":10},"end":{"line":30,"column":null}},"16":{"start":{"line":32,"column":4},"end":{"line":34,"column":null}},"17":{"start":{"line":33,"column":6},"end":{"line":33,"column":48}},"18":{"start":{"line":36,"column":10},"end":{"line":36,"column":34}},"19":{"start":{"line":38,"column":10},"end":{"line":41,"column":7}},"20":{"start":{"line":43,"column":4},"end":{"line":50,"column":null}},"21":{"start":{"line":17,"column":13},"end":{"line":52,"column":null}},"22":{"start":{"line":52,"column":0},"end":{"line":52,"column":null}},"23":{"start":{"line":17,"column":13},"end":{"line":17,"column":36}}},"fnMap":{"0":{"name":"(anonymous_18)","decl":{"start":{"line":17,"column":0},"end":{"line":17,"column":13}},"loc":{"start":{"line":17,"column":0},"end":{"line":17,"column":13}}},"1":{"name":"AuthenticateUserUseCase","decl":{"start":{"line":18,"column":2},"end":{"line":18,"column":null}},"loc":{"start":{"line":20,"column":45},"end":{"line":21,"column":6}}},"2":{"name":"(anonymous_20)","decl":{"start":{"line":23,"column":2},"end":{"line":23,"column":8}},"loc":{"start":{"line":23,"column":45},"end":{"line":51,"column":null}}}},"branchMap":{"0":{"loc":{"start":{"line":24,"column":17},"end":{"line":24,"column":null}},"type":"switch","locations":[{"start":{"line":24,"column":17},"end":{"line":24,"column":null}}]},"1":{"loc":{"start":{"line":26,"column":4},"end":{"line":28,"column":null}},"type":"if","locations":[{"start":{"line":26,"column":4},"end":{"line":28,"column":null}}]},"2":{"loc":{"start":{"line":32,"column":4},"end":{"line":34,"column":null}},"type":"if","locations":[{"start":{"line":32,"column":4},"end":{"line":34,"column":null}}]}},"s":{"0":1,"1":1,"2":1,"3":1,"4":1,"5":1,"6":3,"7":1,"8":3,"9":3,"10":3,"11":3,"12":3,"13":1,"14":2,"15":2,"16":2,"17":1,"18":1,"19":1,"20":1,"21":1,"22":1,"23":1},"f":{"0":1,"1":3,"2":3},"b":{"0":[3],"1":[1],"2":[1]}}
,"E:\\dev\\ignite\\node\\chapter4\\ignite-challenge-4.1\\src\\modules\\users\\useCases\\authenticateUser\\IncorrectEmailOrPasswordError.ts": {"path":"E:\\dev\\ignite\\node\\chapter4\\ignite-challenge-4.1\\src\\modules\\users\\useCases\\authenticateUser\\IncorrectEmailOrPasswordError.ts","statementMap":{"0":{"start":{"line":1,"column":0},"end":{"line":1,"column":62}},"1":{"start":{"line":3,"column":0},"end":{"line":3,"column":null}},"2":{"start":{"line":3,"column":51},"end":{"line":3,"column":59}},"3":{"start":{"line":5,"column":4},"end":{"line":5,"column":null}},"4":{"start":{"line":7,"column":0},"end":{"line":7,"column":null}},"5":{"start":{"line":3,"column":13},"end":{"line":3,"column":42}}},"fnMap":{"0":{"name":"(anonymous_6)","decl":{"start":{"line":3,"column":0},"end":{"line":3,"column":13}},"loc":{"start":{"line":3,"column":0},"end":{"line":7,"column":null}}},"1":{"name":"IncorrectEmailOrPasswordError","decl":{"start":{"line":4,"column":2},"end":{"line":4,"column":null}},"loc":{"start":{"line":4,"column":2},"end":{"line":6,"column":3}}}},"branchMap":{"0":{"loc":{"start":{"line":5,"column":4},"end":{"line":5,"column":null}},"type":"binary-expr","locations":[{"start":{"line":5,"column":4},"end":{"line":5,"column":45}},{"start":{"line":5,"column":45},"end":{"line":5,"column":null}}]}},"s":{"0":1,"1":1,"2":1,"3":4,"4":1,"5":1},"f":{"0":1,"1":4},"b":{"0":[4,4]}}
,"E:\\dev\\ignite\\node\\chapter4\\ignite-challenge-4.1\\src\\modules\\users\\useCases\\createUser\\CreateUserError.ts": {"path":"E:\\dev\\ignite\\node\\chapter4\\ignite-challenge-4.1\\src\\modules\\users\\useCases\\createUser\\CreateUserError.ts","statementMap":{"0":{"start":{"line":1,"column":0},"end":{"line":1,"column":62}},"1":{"start":{"line":3,"column":0},"end":{"line":3,"column":null}},"2":{"start":{"line":3,"column":37},"end":{"line":3,"column":45}},"3":{"start":{"line":5,"column":4},"end":{"line":5,"column":null}},"4":{"start":{"line":7,"column":0},"end":{"line":7,"column":null}},"5":{"start":{"line":3,"column":13},"end":{"line":3,"column":28}}},"fnMap":{"0":{"name":"(anonymous_6)","decl":{"start":{"line":3,"column":0},"end":{"line":3,"column":13}},"loc":{"start":{"line":3,"column":0},"end":{"line":7,"column":null}}},"1":{"name":"CreateUserError","decl":{"start":{"line":4,"column":2},"end":{"line":4,"column":null}},"loc":{"start":{"line":4,"column":2},"end":{"line":6,"column":3}}}},"branchMap":{"0":{"loc":{"start":{"line":5,"column":4},"end":{"line":5,"column":null}},"type":"binary-expr","locations":[{"start":{"line":5,"column":4},"end":{"line":5,"column":32}},{"start":{"line":5,"column":32},"end":{"line":5,"column":null}}]}},"s":{"0":7,"1":7,"2":7,"3":2,"4":7,"5":7},"f":{"0":7,"1":2},"b":{"0":[2,2]}}
,"E:\\dev\\ignite\\node\\chapter4\\ignite-challenge-4.1\\src\\modules\\users\\useCases\\createUser\\CreateUserUseCase.ts": {"path":"E:\\dev\\ignite\\node\\chapter4\\ignite-challenge-4.1\\src\\modules\\users\\useCases\\createUser\\CreateUserUseCase.ts","statementMap":{"0":{"start":{"line":1,"column":0},"end":{"line":1,"column":46}},"1":{"start":{"line":2,"column":0},"end":{"line":2,"column":32}},"2":{"start":{"line":4,"column":0},"end":{"line":4,"column":52}},"3":{"start":{"line":10,"column":0},"end":{"line":10,"column":13}},"4":{"start":{"line":13,"column":12},"end":{"line":13,"column":45}},"5":{"start":{"line":16,"column":8},"end":{"line":32,"column":null}},"6":{"start":{"line":16,"column":22},"end":{"line":16,"column":24}},"7":{"start":{"line":16,"column":29},"end":{"line":16,"column":31}},"8":{"start":{"line":16,"column":39},"end":{"line":16,"column":57}},"9":{"start":{"line":17,"column":30},"end":{"line":17,"column":null}},"10":{"start":{"line":17,"column":10},"end":{"line":17,"column":null}},"11":{"start":{"line":19,"column":4},"end":{"line":21,"column":null}},"12":{"start":{"line":20,"column":6},"end":{"line":20,"column":34}},"13":{"start":{"line":23,"column":25},"end":{"line":23,"column":null}},"14":{"start":{"line":23,"column":10},"end":{"line":23,"column":null}},"15":{"start":{"line":25,"column":17},"end":{"line":29,"column":null}},"16":{"start":{"line":25,"column":10},"end":{"line":29,"column":null}},"17":{"start":{"line":31,"column":4},"end":{"line":31,"column":16}},"18":{"start":{"line":10,"column":13},"end":{"line":33,"column":null}},"19":{"start":{"line":33,"column":0},"end":{"line":33,"column":null}},"20":{"start":{"line":10,"column":13},"end":{"line":10,"column":30}}},"fnMap":{"0":{"name":"(anonymous_17)","decl":{"start":{"line":10,"column":0},"end":{"line":10,"column":13}},"loc":{"start":{"line":10,"column":0},"end":{"line":10,"column":13}}},"1":{"name":"CreateUserUseCase","decl":{"start":{"line":11,"column":2},"end":{"line":11,"column":null}},"loc":{"start":{"line":13,"column":45},"end":{"line":14,"column":7}}},"2":{"name":"(anonymous_19)","decl":{"start":{"line":16,"column":2},"end":{"line":16,"column":8}},"loc":{"start":{"line":16,"column":57},"end":{"line":32,"column":null}}}},"branchMap":{"0":{"loc":{"start":{"line":17,"column":30},"end":{"line":17,"column":null}},"type":"switch","locations":[{"start":{"line":17,"column":30},"end":{"line":17,"column":null}}]},"1":{"loc":{"start":{"line":19,"column":4},"end":{"line":21,"column":null}},"type":"if","locations":[{"start":{"line":19,"column":4},"end":{"line":21,"column":null}}]}},"s":{"0":7,"1":7,"2":7,"3":7,"4":13,"5":7,"6":13,"7":13,"8":13,"9":13,"10":13,"11":13,"12":1,"13":12,"14":12,"15":12,"16":12,"17":12,"18":7,"19":7,"20":7},"f":{"0":7,"1":13,"2":13},"b":{"0":[13],"1":[1]}}
,"E:\\dev\\ignite\\node\\chapter4\\ignite-challenge-4.1\\src\\modules\\users\\useCases\\showUserProfile\\ShowUserProfileError.ts": {"path":"E:\\dev\\ignite\\node\\chapter4\\ignite-challenge-4.1\\src\\modules\\users\\useCases\\showUserProfile\\ShowUserProfileError.ts","statementMap":{"0":{"start":{"line":1,"column":0},"end":{"line":1,"column":62}},"1":{"start":{"line":3,"column":0},"end":{"line":3,"column":null}},"2":{"start":{"line":3,"column":42},"end":{"line":3,"column":50}},"3":{"start":{"line":5,"column":4},"end":{"line":5,"column":null}},"4":{"start":{"line":7,"column":0},"end":{"line":7,"column":null}},"5":{"start":{"line":3,"column":13},"end":{"line":3,"column":33}}},"fnMap":{"0":{"name":"(anonymous_6)","decl":{"start":{"line":3,"column":0},"end":{"line":3,"column":13}},"loc":{"start":{"line":3,"column":0},"end":{"line":7,"column":null}}},"1":{"name":"ShowUserProfileError","decl":{"start":{"line":4,"column":2},"end":{"line":4,"column":null}},"loc":{"start":{"line":4,"column":2},"end":{"line":6,"column":3}}}},"branchMap":{"0":{"loc":{"start":{"line":5,"column":4},"end":{"line":5,"column":null}},"type":"binary-expr","locations":[{"start":{"line":5,"column":4},"end":{"line":5,"column":32}},{"start":{"line":5,"column":32},"end":{"line":5,"column":null}}]}},"s":{"0":1,"1":1,"2":1,"3":2,"4":1,"5":1},"f":{"0":1,"1":2},"b":{"0":[2,2]}}
,"E:\\dev\\ignite\\node\\chapter4\\ignite-challenge-4.1\\src\\modules\\users\\useCases\\showUserProfile\\ShowUserProfileUseCase.ts": {"path":"E:\\dev\\ignite\\node\\chapter4\\ignite-challenge-4.1\\src\\modules\\users\\useCases\\showUserProfile\\ShowUserProfileUseCase.ts","statementMap":{"0":{"start":{"line":1,"column":0},"end":{"line":1,"column":46}},"1":{"start":{"line":4,"column":0},"end":{"line":4,"column":62}},"2":{"start":{"line":7,"column":0},"end":{"line":7,"column":13}},"3":{"start":{"line":10,"column":12},"end":{"line":10,"column":45}},"4":{"start":{"line":13,"column":8},"end":{"line":21,"column":null}},"5":{"start":{"line":14,"column":17},"end":{"line":14,"column":null}},"6":{"start":{"line":14,"column":10},"end":{"line":14,"column":null}},"7":{"start":{"line":16,"column":4},"end":{"line":18,"column":null}},"8":{"start":{"line":17,"column":6},"end":{"line":17,"column":39}},"9":{"start":{"line":20,"column":4},"end":{"line":20,"column":16}},"10":{"start":{"line":7,"column":13},"end":{"line":22,"column":null}},"11":{"start":{"line":22,"column":0},"end":{"line":22,"column":null}},"12":{"start":{"line":7,"column":13},"end":{"line":7,"column":35}}},"fnMap":{"0":{"name":"(anonymous_17)","decl":{"start":{"line":7,"column":0},"end":{"line":7,"column":13}},"loc":{"start":{"line":7,"column":0},"end":{"line":7,"column":13}}},"1":{"name":"ShowUserProfileUseCase","decl":{"start":{"line":8,"column":2},"end":{"line":8,"column":null}},"loc":{"start":{"line":10,"column":45},"end":{"line":11,"column":6}}},"2":{"name":"(anonymous_19)","decl":{"start":{"line":13,"column":2},"end":{"line":13,"column":8}},"loc":{"start":{"line":13,"column":31},"end":{"line":21,"column":null}}}},"branchMap":{"0":{"loc":{"start":{"line":14,"column":17},"end":{"line":14,"column":null}},"type":"switch","locations":[{"start":{"line":14,"column":17},"end":{"line":14,"column":null}}]},"1":{"loc":{"start":{"line":16,"column":4},"end":{"line":18,"column":null}},"type":"if","locations":[{"start":{"line":16,"column":4},"end":{"line":18,"column":null}}]}},"s":{"0":1,"1":1,"2":1,"3":2,"4":1,"5":2,"6":2,"7":2,"8":1,"9":1,"10":1,"11":1,"12":1},"f":{"0":1,"1":2,"2":2},"b":{"0":[2],"1":[1]}}
,"E:\\dev\\ignite\\node\\chapter4\\ignite-challenge-4.1\\src\\shared\\errors\\AppError.ts": {"path":"E:\\dev\\ignite\\node\\chapter4\\ignite-challenge-4.1\\src\\shared\\errors\\AppError.ts","statementMap":{"0":{"start":{"line":1,"column":0},"end":{"line":1,"column":13}},"1":{"start":{"line":6,"column":31},"end":{"line":6,"column":null}},"2":{"start":{"line":7,"column":4},"end":{"line":7,"column":27}},"3":{"start":{"line":8,"column":4},"end":{"line":8,"column":33}},"4":{"start":{"line":10,"column":0},"end":{"line":10,"column":null}},"5":{"start":{"line":1,"column":13},"end":{"line":1,"column":21}}},"fnMap":{"0":{"name":"(anonymous_0)","decl":{"start":{"line":1,"column":0},"end":{"line":1,"column":13}},"loc":{"start":{"line":1,"column":0},"end":{"line":10,"column":null}}},"1":{"name":"AppError","decl":{"start":{"line":6,"column":2},"end":{"line":6,"column":14}},"loc":{"start":{"line":6,"column":47},"end":{"line":9,"column":3}}}},"branchMap":{"0":{"loc":{"start":{"line":6,"column":31},"end":{"line":6,"column":null}},"type":"if","locations":[{"start":{"line":6,"column":31},"end":{"line":6,"column":null}}]}},"s":{"0":7,"1":14,"2":12,"3":12,"4":7,"5":7},"f":{"0":7,"1":12},"b":{"0":[2]}}
}
