TN:
SF:src\config\auth.ts
FNF:0
FNH:0
DA:1,1
LF:1
LH:1
BRF:0
BRH:0
end_of_record
TN:
SF:src\modules\statements\entities\Statement.ts
FN:13,(anonymous_2)
FN:19,(anonymous_3)
FN:45,Statement
FN:26,(anonymous_5)
FN:26,(anonymous_6)
FNF:5
FNH:3
FNDA:7,(anonymous_2)
FNDA:7,(anonymous_3)
FNDA:9,Statement
FNDA:0,(anonymous_5)
FNDA:0,(anonymous_6)
DA:1,7
DA:9,7
DA:11,7
DA:13,7
DA:14,7
DA:15,7
DA:19,7
DA:21,7
DA:24,7
DA:26,0
DA:28,7
DA:31,7
DA:34,7
DA:37,7
DA:40,7
DA:43,7
DA:46,9
DA:47,9
DA:50,7
LF:19
LH:18
BRDA:13,0,0,7
BRDA:13,0,1,7
BRDA:46,1,0,9
BRF:3
BRH:3
end_of_record
TN:
SF:src\modules\statements\repositories\in-memory\InMemoryStatementsRepository.ts
FN:7,(anonymous_13)
FN:10,(anonymous_15)
FN:20,(anonymous_18)
FN:21,(anonymous_21)
FN:27,(anonymous_22)
FN:32,(anonymous_25)
FN:34,(anonymous_26)
FNF:7
FNH:7
FNDA:10,(anonymous_13)
FNDA:9,(anonymous_15)
FNDA:1,(anonymous_18)
FNDA:2,(anonymous_21)
FNDA:4,(anonymous_22)
FNDA:5,(anonymous_25)
FNDA:5,(anonymous_26)
DA:1,4
DA:7,4
DA:8,6
DA:10,4
DA:11,9
DA:13,9
DA:15,9
DA:17,9
DA:20,4
DA:21,2
DA:27,4
DA:32,5
DA:34,4
DA:35,5
DA:36,4
DA:38,1
DA:42,4
DA:43,1
DA:49,3
DA:51,4
LF:20
LH:20
BRDA:22,0,0,2
BRDA:22,0,1,1
BRDA:27,1,0,3
BRDA:27,1,1,1
BRDA:35,2,0,4
BRDA:35,2,1,1
BRDA:42,3,0,1
BRF:7
BRH:7
end_of_record
TN:
SF:src\modules\statements\useCases\createStatement\CreateStatementError.ts
FN:3,(anonymous_6)
FN:4,(anonymous_7)
FN:5,UserNotFound
FN:10,(anonymous_9)
FN:11,InsufficientFunds
FNF:5
FNH:4
FNDA:4,(anonymous_6)
FNDA:4,(anonymous_7)
FNDA:4,UserNotFound
FNDA:4,(anonymous_9)
FNDA:0,InsufficientFunds
DA:1,4
DA:3,4
DA:4,4
DA:6,4
DA:8,4
DA:10,4
DA:12,0
DA:14,4
LF:8
LH:7
BRDA:6,0,0,4
BRDA:6,0,1,4
BRDA:12,1,0,0
BRDA:12,1,1,0
BRDA:3,2,0,4
BRDA:3,2,1,4
BRF:6
BRH:4
end_of_record
TN:
SF:src\modules\statements\useCases\createStatement\CreateStatementUseCase.ts
FN:9,(anonymous_17)
FN:10,CreateStatementUseCase
FN:18,(anonymous_19)
FNF:3
FNH:3
FNDA:4,(anonymous_17)
FNDA:6,CreateStatementUseCase
FNDA:11,(anonymous_19)
DA:1,4
DA:5,4
DA:9,4
DA:12,6
DA:15,6
DA:18,11
DA:19,11
DA:21,11
DA:22,2
DA:25,15
DA:26,3
DA:28,3
DA:29,0
DA:33,9
DA:40,9
DA:42,4
LF:16
LH:15
BRDA:19,0,0,11
BRDA:19,0,1,9
BRDA:21,1,0,2
BRDA:25,2,0,6
BRDA:28,3,0,0
BRF:5
BRH:4
end_of_record
TN:
SF:src\modules\statements\useCases\getBalance\GetBalanceError.ts
FN:3,(anonymous_6)
FN:4,GetBalanceError
FNF:2
FNH:1
FNDA:1,(anonymous_6)
FNDA:0,GetBalanceError
DA:1,1
DA:3,1
DA:5,0
DA:7,1
LF:4
LH:3
BRDA:5,0,0,0
BRDA:5,0,1,0
BRF:2
BRH:0
end_of_record
TN:
SF:src\modules\statements\useCases\getBalance\GetBalanceUseCase.ts
FN:18,(anonymous_17)
FN:19,GetBalanceUseCase
FN:27,(anonymous_19)
FNF:3
FNH:3
FNDA:1,(anonymous_17)
FNDA:1,GetBalanceUseCase
FNDA:1,(anonymous_19)
DA:1,1
DA:6,1
DA:18,1
DA:21,1
DA:24,1
DA:27,1
DA:28,1
DA:30,1
DA:31,0
DA:34,1
DA:39,1
DA:41,1
LF:12
LH:11
BRDA:28,0,0,1
BRDA:30,1,0,0
BRF:2
BRH:1
end_of_record
TN:
SF:src\modules\statements\useCases\getStatementOperation\GetStatementOperationError.ts
FN:3,(anonymous_6)
FN:4,(anonymous_7)
FN:5,UserNotFound
FN:10,(anonymous_9)
FN:11,StatementNotFound
FNF:5
FNH:3
FNDA:1,(anonymous_6)
FNDA:1,(anonymous_7)
FNDA:0,UserNotFound
FNDA:1,(anonymous_9)
FNDA:0,StatementNotFound
DA:1,1
DA:3,1
DA:4,1
DA:6,0
DA:8,1
DA:10,1
DA:12,0
DA:14,1
LF:8
LH:6
BRDA:6,0,0,0
BRDA:6,0,1,0
BRDA:12,1,0,0
BRDA:12,1,1,0
BRDA:3,2,0,1
BRDA:3,2,1,1
BRF:6
BRH:2
end_of_record
TN:
SF:src\modules\statements\useCases\getStatementOperation\GetStatementOperationUseCase.ts
FN:13,(anonymous_17)
FN:14,GetStatementOperationUseCase
FN:22,(anonymous_19)
FNF:3
FNH:3
FNDA:1,(anonymous_17)
FNDA:1,GetStatementOperationUseCase
FNDA:1,(anonymous_19)
DA:1,1
DA:5,1
DA:13,1
DA:16,1
DA:19,1
DA:22,1
DA:23,1
DA:25,1
DA:26,0
DA:29,1
DA:32,1
DA:33,0
DA:36,1
DA:38,1
LF:14
LH:12
BRDA:23,0,0,1
BRDA:25,1,0,0
BRDA:32,2,0,0
BRF:3
BRH:1
end_of_record
TN:
SF:src\modules\users\entities\User.ts
FN:13,(anonymous_2)
FN:35,User
FN:26,(anonymous_4)
FN:26,(anonymous_5)
FNF:4
FNH:2
FNDA:7,(anonymous_2)
FNDA:12,User
FNDA:0,(anonymous_4)
FNDA:0,(anonymous_5)
DA:1,7
DA:8,7
DA:10,7
DA:13,7
DA:15,7
DA:18,7
DA:21,7
DA:24,7
DA:26,0
DA:27,7
DA:30,7
DA:33,7
DA:36,12
DA:37,12
DA:40,7
LF:15
LH:14
BRDA:36,0,0,12
BRF:1
BRH:1
end_of_record
TN:
SF:src\modules\users\repositories\in-memory\InMemoryUsersRepository.ts
FN:6,(anonymous_13)
FN:9,(anonymous_15)
FN:10,(anonymous_18)
FN:13,(anonymous_19)
FN:14,(anonymous_22)
FN:17,(anonymous_23)
FNF:6
FNH:6
FNDA:20,(anonymous_13)
FNDA:16,(anonymous_15)
FNDA:4,(anonymous_18)
FNDA:15,(anonymous_19)
FNDA:14,(anonymous_22)
FNDA:12,(anonymous_23)
DA:1,7
DA:6,7
DA:7,13
DA:9,7
DA:10,16
DA:13,7
DA:14,15
DA:17,7
DA:18,12
DA:19,12
DA:20,12
DA:21,12
DA:23,7
LF:13
LH:13
BRF:0
BRH:0
end_of_record
TN:
SF:src\modules\users\useCases\authenticateUser\AuthenticateUserUseCase.ts
FN:17,(anonymous_18)
FN:18,AuthenticateUserUseCase
FN:23,(anonymous_20)
FNF:3
FNH:3
FNDA:1,(anonymous_18)
FNDA:3,AuthenticateUserUseCase
FNDA:3,(anonymous_20)
DA:1,1
DA:2,1
DA:3,1
DA:5,1
DA:9,1
DA:17,1
DA:20,3
DA:23,3
DA:24,3
DA:26,3
DA:27,1
DA:30,2
DA:32,2
DA:33,1
DA:36,1
DA:38,1
DA:43,1
DA:52,1
LF:18
LH:18
BRDA:24,0,0,3
BRDA:26,1,0,1
BRDA:32,2,0,1
BRF:3
BRH:3
end_of_record
TN:
SF:src\modules\users\useCases\authenticateUser\IncorrectEmailOrPasswordError.ts
FN:3,(anonymous_6)
FN:4,IncorrectEmailOrPasswordError
FNF:2
FNH:2
FNDA:1,(anonymous_6)
FNDA:4,IncorrectEmailOrPasswordError
DA:1,1
DA:3,1
DA:5,4
DA:7,1
LF:4
LH:4
BRDA:5,0,0,4
BRDA:5,0,1,4
BRF:2
BRH:2
end_of_record
TN:
SF:src\modules\users\useCases\createUser\CreateUserError.ts
FN:3,(anonymous_6)
FN:4,CreateUserError
FNF:2
FNH:2
FNDA:7,(anonymous_6)
FNDA:2,CreateUserError
DA:1,7
DA:3,7
DA:5,2
DA:7,7
LF:4
LH:4
BRDA:5,0,0,2
BRDA:5,0,1,2
BRF:2
BRH:2
end_of_record
TN:
SF:src\modules\users\useCases\createUser\CreateUserUseCase.ts
FN:10,(anonymous_17)
FN:11,CreateUserUseCase
FN:16,(anonymous_19)
FNF:3
FNH:3
FNDA:7,(anonymous_17)
FNDA:13,CreateUserUseCase
FNDA:13,(anonymous_19)
DA:1,7
DA:2,7
DA:4,7
DA:10,7
DA:13,13
DA:16,13
DA:17,13
DA:19,13
DA:20,1
DA:23,12
DA:25,12
DA:31,12
DA:33,7
LF:13
LH:13
BRDA:17,0,0,13
BRDA:19,1,0,1
BRF:2
BRH:2
end_of_record
TN:
SF:src\modules\users\useCases\showUserProfile\ShowUserProfileError.ts
FN:3,(anonymous_6)
FN:4,ShowUserProfileError
FNF:2
FNH:2
FNDA:1,(anonymous_6)
FNDA:2,ShowUserProfileError
DA:1,1
DA:3,1
DA:5,2
DA:7,1
LF:4
LH:4
BRDA:5,0,0,2
BRDA:5,0,1,2
BRF:2
BRH:2
end_of_record
TN:
SF:src\modules\users\useCases\showUserProfile\ShowUserProfileUseCase.ts
FN:7,(anonymous_17)
FN:8,ShowUserProfileUseCase
FN:13,(anonymous_19)
FNF:3
FNH:3
FNDA:1,(anonymous_17)
FNDA:2,ShowUserProfileUseCase
FNDA:2,(anonymous_19)
DA:1,1
DA:4,1
DA:7,1
DA:10,2
DA:13,1
DA:14,2
DA:16,2
DA:17,1
DA:20,1
DA:22,1
LF:10
LH:10
BRDA:14,0,0,2
BRDA:16,1,0,1
BRF:2
BRH:2
end_of_record
TN:
SF:src\shared\errors\AppError.ts
FN:1,(anonymous_0)
FN:6,AppError
FNF:2
FNH:2
FNDA:7,(anonymous_0)
FNDA:12,AppError
DA:1,7
DA:6,14
DA:7,12
DA:8,12
DA:10,7
LF:5
LH:5
BRDA:6,0,0,2
BRF:1
BRH:1
end_of_record
